<?xml version="1.0" encoding="UTF-8"?>
<!-- Generated by org.testng.reporters.JUnitXMLReporter -->
<testsuite ignored="9" hostname="DESKTOP-TR0LPB6" failures="0" tests="3" name="Chrome Test" time="14.795" errors="0" timestamp="2026-04-29T14:58:18 ICT">
  <testcase classname="testCases.register.RegisterUITest" name="TC_RF_027_verifyRegisterFunctionalityAcrossSupportedEnvironments" time="0.172"/>
  <testcase classname="testCases.login.LoginSystemTest" name="TC_LF_023_SupportedEnvironments" time="0.048"/>
  <testcase classname="testCases.addToCart.AddToCartSystemTest" name="TC_ATC_009_AddToCart_CrossBrowserEnvironment" time="2.605"/>
  <testcase classname="testCases.register.RegisterUITest" name="TC_RF_013_verifyFieldPlaceholders" time="0.0">
    <ignored/>
  </testcase> <!-- TC_RF_013_verifyFieldPlaceholders -->
  <testcase classname="testCases.login.LoginSystemTest" name="TC_LF_017_LoginClosingBrowserWithoutLoggingOut" time="0.0">
    <ignored/>
  </testcase> <!-- TC_LF_017_LoginClosingBrowserWithoutLoggingOut -->
  <testcase classname="testCases.register.RegisterUITest" name="TC_RF_007_verifyNavigationToRegisterPageFromDifferentLinks" time="0.0">
    <ignored/>
  </testcase> <!-- TC_RF_007_verifyNavigationToRegisterPageFromDifferentLinks -->
  <testcase classname="testCases.register.RegisterUITest" name="TC_RF_022_verifyPasswordCharactersAreMasked" time="0.0">
    <ignored/>
  </testcase> <!-- TC_RF_022_verifyPasswordCharactersAreMasked -->
  <testcase classname="testCases.register.RegisterUITest" name="TC_RF_025_verifyPageTitleUrlHeadingAndBreadcrumb" time="0.0">
    <ignored/>
  </testcase> <!-- TC_RF_025_verifyPageTitleUrlHeadingAndBreadcrumb -->
  <testcase classname="testCases.register.RegisterUITest" name="TC_RF_023_verifyNavigationLinksOnRegisterPage" time="0.0">
    <ignored/>
  </testcase> <!-- TC_RF_023_verifyNavigationLinksOnRegisterPage -->
  <testcase classname="testCases.register.RegisterUITest" name="TC_RF_019_verifyLeadingAndTrailingSpacesAreTrimmed" time="0.0">
    <ignored/>
  </testcase> <!-- TC_RF_019_verifyLeadingAndTrailingSpacesAreTrimmed -->
  <testcase classname="testCases.register.RegisterUITest" name="TC_RF_020_verifyPrivacyPolicyNotSelectedByDefault" time="0.0">
    <ignored/>
  </testcase> <!-- TC_RF_020_verifyPrivacyPolicyNotSelectedByDefault -->
  <testcase classname="testCases.register.RegisterUITest" name="TC_RF_014_verifyMandatoryFieldsHaveRedAsterisk" time="0.0">
    <ignored/>
  </testcase> <!-- TC_RF_014_verifyMandatoryFieldsHaveRedAsterisk -->
</testsuite> <!-- Chrome Test -->
