<?xml version="1.0" encoding="UTF-8"?>
<!-- Generated by org.testng.reporters.JUnitXMLReporter -->
<testsuite ignored="0" hostname="DESKTOP-TR0LPB6" failures="0" tests="5" name="Linux-Chrome" time="33.143" errors="0" timestamp="2026-03-24T11:20:15 ICT">
  <testcase classname="testCases.register.RegisterPositiveTest" name="TC_RF_001_registerWithMandatoryFields" time="5.292"/>
  <testcase classname="testCases.register.RegisterPositiveTest" name="TC_RF_002_verifyRegistrationConfirmationEmail" time="4.028"/>
  <testcase classname="testCases.register.RegisterPositiveTest" name="TC_RF_003_registerWithAllFields" time="4.12"/>
  <testcase classname="testCases.register.RegisterPositiveTest" name="TC_RF_005_registerWithNewsletterSubscriptionYes" time="8.923"/>
  <testcase classname="testCases.register.RegisterPositiveTest" name="TC_RF_006_registerWithNewsletterSubscriptionNo" time="4.375"/>
</testsuite> <!-- Linux-Chrome -->
