<?xml version="1.0" encoding="UTF-8"?>
<!-- Generated by org.testng.reporters.JUnitXMLReporter -->
<testsuite ignored="0" hostname="DESKTOP-TR0LPB6" failures="0" tests="5" name="Linux-Firefox" time="33.755" errors="0" timestamp="2026-03-24T11:20:16 ICT">
  <testcase classname="testCases.register.RegisterPositiveTest" name="TC_RF_001_registerWithMandatoryFields" time="2.836"/>
  <testcase classname="testCases.register.RegisterPositiveTest" name="TC_RF_002_verifyRegistrationConfirmationEmail" time="2.857"/>
  <testcase classname="testCases.register.RegisterPositiveTest" name="TC_RF_003_registerWithAllFields" time="3.346"/>
  <testcase classname="testCases.register.RegisterPositiveTest" name="TC_RF_005_registerWithNewsletterSubscriptionYes" time="8.699"/>
  <testcase classname="testCases.register.RegisterPositiveTest" name="TC_RF_006_registerWithNewsletterSubscriptionNo" time="3.409"/>
</testsuite> <!-- Linux-Firefox -->
