<?xml version="1.0" encoding="UTF-8"?>
<!-- Generated by org.testng.reporters.JUnitXMLReporter -->
<testsuite ignored="0" hostname="DESKTOP-TR0LPB6" failures="0" tests="5" name="Linux-Chrome" time="89.399" errors="0" timestamp="2026-03-22T12:00:35 ICT">
  <testcase classname="testCases.register.RegisterPositiveTest" name="TC_RF_001_registerWithMandatoryFields" time="8.705"/>
  <testcase classname="testCases.register.RegisterPositiveTest" name="TC_RF_002_verifyRegistrationConfirmationEmail" time="15.278"/>
  <testcase classname="testCases.register.RegisterPositiveTest" name="TC_RF_003_registerWithAllFields" time="11.383"/>
  <testcase classname="testCases.register.RegisterPositiveTest" name="TC_RF_005_registerWithNewsletterSubscriptionYes" time="10.841"/>
  <testcase classname="testCases.register.RegisterPositiveTest" name="TC_RF_006_registerWithNewsletterSubscriptionNo" time="14.218"/>
</testsuite> <!-- Linux-Chrome -->
