<?xml version="1.0" encoding="UTF-8"?>
<!-- Generated by org.testng.reporters.JUnitXMLReporter -->
<testsuite ignored="0" hostname="DESKTOP-TR0LPB6" failures="2" tests="17" name="Test" time="164.397" errors="0" timestamp="2026-05-01T04:12:15 ICT">
  <testcase classname="testCases.checkout.CheckoutPositiveTest" name="TC_CO_002_Checkout_NavigateFromShoppingCartPage" time="1.326"/>
  <testcase classname="testCases.checkout.CheckoutPositiveTest" name="TC_CO_003_Checkout_NavigateFromHeaderOption" time="0.888"/>
  <testcase classname="testCases.checkout.CheckoutPositiveTest" name="TC_CO_004_Checkout_NavigateFromCartBlock" time="1.411"/>
  <testcase classname="testCases.checkout.CheckoutPositiveTest" name="TC_CO_005_Checkout_RegUser_ExistingAddress" time="11.69"/>
  <testcase classname="testCases.checkout.CheckoutPositiveTest" name="TC_CO_006_Checkout_RegUser_NewBillingMandatory" time="12.104"/>
  <testcase classname="testCases.checkout.CheckoutPositiveTest" name="TC_CO_007_Checkout_RegUser_NewBillingAllFields" time="12.265"/>
  <testcase classname="testCases.checkout.CheckoutPositiveTest" name="TC_CO_010_Checkout_RegUser_NewDeliveryMandatory" time="11.769"/>
  <testcase classname="testCases.checkout.CheckoutPositiveTest" name="TC_CO_010_Checkout_RegUser_NewDeliveryMandatory" time="12.168"/>
  <testcase classname="testCases.checkout.CheckoutPositiveTest" name="TC_CO_011_Checkout_RegUser_NewDeliveryAllFields" time="12.329"/>
  <testcase classname="testCases.checkout.CheckoutPositiveTest" name="TC_CO_011_Checkout_RegUser_NewDeliveryAllFields" time="12.281"/>
  <testcase classname="testCases.checkout.CheckoutPositiveTest" name="TC_CO_014_Checkout_AddCommentDeliveryMethod" time="10.543"/>
  <testcase classname="testCases.checkout.CheckoutPositiveTest" name="TC_CO_015_Checkout_AddCommentPaymentMethod" time="10.536"/>
  <testcase classname="testCases.checkout.CheckoutPositiveTest" name="TC_CO_016_Checkout_GuestFlow" time="11.005"/>
  <testcase classname="testCases.checkout.CheckoutPositiveTest" name="TC_CO_016_Checkout_GuestFlow" time="10.746"/>
  <testcase classname="testCases.checkout.CheckoutPositiveTest" name="TC_CO_017_Checkout_NewUserRegistration" time="6.426">
    <failure type="java.lang.RuntimeException" message="Test dừng do không lấy được attribute từ: Section Delivery Method">
      <![CDATA[java.lang.RuntimeException: Test dừng do không lấy được attribute từ: Section Delivery Method
at pageObjects.BasePage.getAttribute(BasePage.java:83)
at pageObjects.CheckoutPage.isDeliveryMethod(CheckoutPage.java:628)
at testCases.checkout.CheckoutPositiveTest.proceedToConfirmOrderForNewCustomer(CheckoutPositiveTest.java:125)
at testCases.checkout.CheckoutPositiveTest.TC_CO_017_Checkout_NewUserRegistration(CheckoutPositiveTest.java:401)
at java.base/java.util.ArrayList.forEach(ArrayList.java:1596)
Caused by: org.openqa.selenium.UnhandledAlertException: unexpected alert open: {Alert text : SyntaxError: Unexpected token '<', "<b>Warning"... is not valid JSON
OK
<b>Warning</b>: mail(): Failed to connect to mailserver at &quot;localhost&quot; port 25, verify your &quot;SMTP&quot; and &quot;smtp_port&quot; setting in php.ini or use ini_set() in <b>C:\xampp\htdocs\opencart\upload\system\library\mail\mail.php</b> on line <b>83</b>[]}
  (Session info: chrome=147.0.7727.119): SyntaxError: Unexpected token '<', "<b>Warning"... is not valid JSON
OK
<b>Warning</b>: mail(): Failed to connect to mailserver at &quot;localhost&quot; port 25, verify your &quot;SMTP&quot; and &quot;smtp_port&quot; setting in php.ini or use ini_set() in <b>C:\xampp\htdocs\opencart\upload\system\library\mail\mail.php</b> on line <b>83</b>[]
Build info: version: '4.41.0', revision: '9fc754f'
System info: os.name: 'Windows 10', os.arch: 'amd64', os.version: '10.0', java.version: '21.0.10'
Driver info: org.openqa.selenium.chrome.ChromeDriver
Command: [cdab554101bcc4569a8dd982ecfa9f7a, findElement {value=#collapse-shipping-method, using=css selector}]
Capabilities {acceptInsecureCerts: false, browserName: chrome, browserVersion: 147.0.7727.119, chrome: {chromedriverVersion: 147.0.7727.117 (474cc805edd..., userDataDir: C:\Users\Admin\AppData\Loca...}, fedcm:accounts: true, goog:chromeOptions: {debuggerAddress: localhost:61524}, goog:processID: 30900, networkConnectionEnabled: false, pageLoadStrategy: normal, platformName: windows, proxy: Proxy(), se:cdp: ws://localhost:61524/devtoo..., se:cdpVersion: 147.0.7727.119, setWindowRect: true, strictFileInteractability: false, timeouts: {implicit: 0, pageLoad: 300000, script: 30000}, unhandledPromptBehavior: dismiss and notify, webauthn:extension:credBlob: true, webauthn:extension:largeBlob: true, webauthn:extension:minPinLength: true, webauthn:extension:prf: true, webauthn:virtualAuthenticators: true}
Session ID: cdab554101bcc4569a8dd982ecfa9f7a
at org.openqa.selenium.remote.codec.w3c.W3CHttpResponseCodec.decode(W3CHttpResponseCodec.java:140)
at org.openqa.selenium.remote.codec.w3c.W3CHttpResponseCodec.decode(W3CHttpResponseCodec.java:49)
at org.openqa.selenium.remote.HttpCommandExecutor.execute(HttpCommandExecutor.java:223)
at org.openqa.selenium.remote.service.DriverCommandExecutor.invokeExecute(DriverCommandExecutor.java:216)
at org.openqa.selenium.remote.service.DriverCommandExecutor.execute(DriverCommandExecutor.java:174)
at org.openqa.selenium.remote.RemoteWebDriver.execute(RemoteWebDriver.java:604)
at org.openqa.selenium.remote.ElementLocation$ElementFinder$2.findElement(ElementLocation.java:166)
at org.openqa.selenium.remote.ElementLocation.findElement(ElementLocation.java:60)
at org.openqa.selenium.remote.RemoteWebDriver.findElement(RemoteWebDriver.java:427)
at org.openqa.selenium.remote.RemoteWebDriver.findElement(RemoteWebDriver.java:421)
at org.openqa.selenium.support.ui.ExpectedConditions$7.apply(ExpectedConditions.java:222)
at org.openqa.selenium.support.ui.ExpectedConditions$7.apply(ExpectedConditions.java:215)
at org.openqa.selenium.support.ui.FluentWait.until(FluentWait.java:209)
at pageObjects.BasePage.getAttribute(BasePage.java:77)
... 29 more
... Removed 25 stack frames]]>
    </failure>
  </testcase> <!-- TC_CO_017_Checkout_NewUserRegistration -->
  <testcase classname="testCases.checkout.CheckoutPositiveTest" name="TC_CO_017_Checkout_NewUserRegistration" time="6.269">
    <failure type="java.lang.RuntimeException" message="Test dừng do không lấy được attribute từ: Section Delivery Method">
      <![CDATA[java.lang.RuntimeException: Test dừng do không lấy được attribute từ: Section Delivery Method
at pageObjects.BasePage.getAttribute(BasePage.java:83)
at pageObjects.CheckoutPage.isDeliveryMethod(CheckoutPage.java:628)
at testCases.checkout.CheckoutPositiveTest.proceedToConfirmOrderForNewCustomer(CheckoutPositiveTest.java:125)
at testCases.checkout.CheckoutPositiveTest.TC_CO_017_Checkout_NewUserRegistration(CheckoutPositiveTest.java:401)
at java.base/java.util.ArrayList.forEach(ArrayList.java:1596)
Caused by: org.openqa.selenium.UnhandledAlertException: unexpected alert open: {Alert text : SyntaxError: Unexpected token '<', "<b>Warning"... is not valid JSON
OK
<b>Warning</b>: mail(): Failed to connect to mailserver at &quot;localhost&quot; port 25, verify your &quot;SMTP&quot; and &quot;smtp_port&quot; setting in php.ini or use ini_set() in <b>C:\xampp\htdocs\opencart\upload\system\library\mail\mail.php</b> on line <b>83</b>[]}
  (Session info: chrome=147.0.7727.119): SyntaxError: Unexpected token '<', "<b>Warning"... is not valid JSON
OK
<b>Warning</b>: mail(): Failed to connect to mailserver at &quot;localhost&quot; port 25, verify your &quot;SMTP&quot; and &quot;smtp_port&quot; setting in php.ini or use ini_set() in <b>C:\xampp\htdocs\opencart\upload\system\library\mail\mail.php</b> on line <b>83</b>[]
Build info: version: '4.41.0', revision: '9fc754f'
System info: os.name: 'Windows 10', os.arch: 'amd64', os.version: '10.0', java.version: '21.0.10'
Driver info: org.openqa.selenium.chrome.ChromeDriver
Command: [cdab554101bcc4569a8dd982ecfa9f7a, findElement {value=#collapse-shipping-method, using=css selector}]
Capabilities {acceptInsecureCerts: false, browserName: chrome, browserVersion: 147.0.7727.119, chrome: {chromedriverVersion: 147.0.7727.117 (474cc805edd..., userDataDir: C:\Users\Admin\AppData\Loca...}, fedcm:accounts: true, goog:chromeOptions: {debuggerAddress: localhost:61524}, goog:processID: 30900, networkConnectionEnabled: false, pageLoadStrategy: normal, platformName: windows, proxy: Proxy(), se:cdp: ws://localhost:61524/devtoo..., se:cdpVersion: 147.0.7727.119, setWindowRect: true, strictFileInteractability: false, timeouts: {implicit: 0, pageLoad: 300000, script: 30000}, unhandledPromptBehavior: dismiss and notify, webauthn:extension:credBlob: true, webauthn:extension:largeBlob: true, webauthn:extension:minPinLength: true, webauthn:extension:prf: true, webauthn:virtualAuthenticators: true}
Session ID: cdab554101bcc4569a8dd982ecfa9f7a
at org.openqa.selenium.remote.codec.w3c.W3CHttpResponseCodec.decode(W3CHttpResponseCodec.java:140)
at org.openqa.selenium.remote.codec.w3c.W3CHttpResponseCodec.decode(W3CHttpResponseCodec.java:49)
at org.openqa.selenium.remote.HttpCommandExecutor.execute(HttpCommandExecutor.java:223)
at org.openqa.selenium.remote.service.DriverCommandExecutor.invokeExecute(DriverCommandExecutor.java:216)
at org.openqa.selenium.remote.service.DriverCommandExecutor.execute(DriverCommandExecutor.java:174)
at org.openqa.selenium.remote.RemoteWebDriver.execute(RemoteWebDriver.java:604)
at org.openqa.selenium.remote.ElementLocation$ElementFinder$2.findElement(ElementLocation.java:166)
at org.openqa.selenium.remote.ElementLocation.findElement(ElementLocation.java:60)
at org.openqa.selenium.remote.RemoteWebDriver.findElement(RemoteWebDriver.java:427)
at org.openqa.selenium.remote.RemoteWebDriver.findElement(RemoteWebDriver.java:421)
at org.openqa.selenium.support.ui.ExpectedConditions$7.apply(ExpectedConditions.java:222)
at org.openqa.selenium.support.ui.ExpectedConditions$7.apply(ExpectedConditions.java:215)
at org.openqa.selenium.support.ui.FluentWait.until(FluentWait.java:209)
at pageObjects.BasePage.getAttribute(BasePage.java:77)
... 29 more
... Removed 25 stack frames]]>
    </failure>
  </testcase> <!-- TC_CO_017_Checkout_NewUserRegistration -->
  <testcase classname="testCases.checkout.CheckoutPositiveTest" name="TC_CO_018_Checkout_LoginDuringFlow" time="10.618"/>
</testsuite> <!-- Test -->
