<?xml version="1.0" encoding="UTF-8"?>
<!-- Generated by org.testng.reporters.JUnitXMLReporter -->
<testsuite ignored="0" hostname="DESKTOP-TR0LPB6" failures="1" tests="8" name="Test" time="14.805" errors="0" timestamp="2026-04-28T02:50:57 ICT">
  <testcase classname="testCases.register.RegisterUITest" name="TC_RF_007_verifyNavigationToRegisterPageFromDifferentLinks" time="1.289"/>
  <testcase classname="testCases.register.RegisterUITest" name="TC_RF_013_verifyFieldPlaceholders" time="0.169"/>
  <testcase classname="testCases.register.RegisterUITest" name="TC_RF_014_verifyMandatoryFieldsHaveRedAsterisk" time="0.307">
    <failure type="java.lang.AssertionError" message="The following asserts failed:
	Privacy Policy không có dấu * expected [true] but found [false]">
      <![CDATA[java.lang.AssertionError: The following asserts failed:
Privacy Policy không có dấu * expected [true] but found [false]
at testCases.register.RegisterUITest.TC_RF_014_verifyMandatoryFieldsHaveRedAsterisk(RegisterUITest.java:75)
at java.base/java.util.ArrayList.forEach(ArrayList.java:1596)
... Removed 27 stack frames]]>
    </failure>
  </testcase> <!-- TC_RF_014_verifyMandatoryFieldsHaveRedAsterisk -->
  <testcase classname="testCases.register.RegisterUITest" name="TC_RF_019_verifyLeadingAndTrailingSpacesAreTrimmed" time="3.946"/>
  <testcase classname="testCases.register.RegisterUITest" name="TC_RF_020_verifyPrivacyPolicyNotSelectedByDefault" time="0.031"/>
  <testcase classname="testCases.register.RegisterUITest" name="TC_RF_022_verifyPasswordCharactersAreMasked" time="0.199"/>
  <testcase classname="testCases.register.RegisterUITest" name="TC_RF_025_verifyPageTitleUrlHeadingAndBreadcrumb" time="0.087"/>
  <testcase classname="testCases.register.RegisterUITest" name="TC_RF_027_verifyRegisterFunctionalityAcrossSupportedEnvironments" time="0.026"/>
</testsuite> <!-- Test -->
