<?xml version="1.0" encoding="UTF-8"?>
<!-- Generated by org.testng.reporters.JUnitXMLReporter -->
<testsuite ignored="0" hostname="DESKTOP-TR0LPB6" failures="0" tests="5" name="Test" time="17.457" errors="0" timestamp="2026-03-22T12:48:57 ICT">
  <testcase classname="testCases.register.RegisterPositiveTest" name="TC_RF_001_registerWithMandatoryFields" time="2.474"/>
  <testcase classname="testCases.register.RegisterPositiveTest" name="TC_RF_002_verifyRegistrationConfirmationEmail" time="0.93"/>
  <testcase classname="testCases.register.RegisterPositiveTest" name="TC_RF_003_registerWithAllFields" time="2.483"/>
  <testcase classname="testCases.register.RegisterPositiveTest" name="TC_RF_005_registerWithNewsletterSubscriptionYes" time="3.064"/>
  <testcase classname="testCases.register.RegisterPositiveTest" name="TC_RF_006_registerWithNewsletterSubscriptionNo" time="2.39"/>
</testsuite> <!-- Test -->
