<?xml version="1.0" encoding="UTF-8"?>
<testng-results ignored="0" total="5" passed="5" failed="0" skipped="0">
  <reporter-output>
  </reporter-output>
  <suite started-at="2026-03-22T12:48:39 ICT" name="Suite" finished-at="2026-03-22T12:48:57 ICT" duration-ms="17457">
    <groups>
      <group name="Master">
        <method signature="RegisterPositiveTest.TC_RF_001_registerWithMandatoryFields()[pri:0, instance:testCases.register.RegisterPositiveTest@332796d3]" name="TC_RF_001_registerWithMandatoryFields" class="testCases.register.RegisterPositiveTest"/>
        <method signature="RegisterPositiveTest.TC_RF_002_verifyRegistrationConfirmationEmail()[pri:0, instance:testCases.register.RegisterPositiveTest@332796d3]" name="TC_RF_002_verifyRegistrationConfirmationEmail" class="testCases.register.RegisterPositiveTest"/>
        <method signature="RegisterPositiveTest.TC_RF_003_registerWithAllFields()[pri:0, instance:testCases.register.RegisterPositiveTest@332796d3]" name="TC_RF_003_registerWithAllFields" class="testCases.register.RegisterPositiveTest"/>
        <method signature="RegisterPositiveTest.TC_RF_005_registerWithNewsletterSubscriptionYes()[pri:0, instance:testCases.register.RegisterPositiveTest@332796d3]" name="TC_RF_005_registerWithNewsletterSubscriptionYes" class="testCases.register.RegisterPositiveTest"/>
        <method signature="RegisterPositiveTest.TC_RF_006_registerWithNewsletterSubscriptionNo()[pri:0, instance:testCases.register.RegisterPositiveTest@332796d3]" name="TC_RF_006_registerWithNewsletterSubscriptionNo" class="testCases.register.RegisterPositiveTest"/>
      </group> <!-- Master -->
      <group name="Regression">
        <method signature="RegisterPositiveTest.TC_RF_001_registerWithMandatoryFields()[pri:0, instance:testCases.register.RegisterPositiveTest@332796d3]" name="TC_RF_001_registerWithMandatoryFields" class="testCases.register.RegisterPositiveTest"/>
        <method signature="RegisterPositiveTest.TC_RF_002_verifyRegistrationConfirmationEmail()[pri:0, instance:testCases.register.RegisterPositiveTest@332796d3]" name="TC_RF_002_verifyRegistrationConfirmationEmail" class="testCases.register.RegisterPositiveTest"/>
        <method signature="RegisterPositiveTest.TC_RF_003_registerWithAllFields()[pri:0, instance:testCases.register.RegisterPositiveTest@332796d3]" name="TC_RF_003_registerWithAllFields" class="testCases.register.RegisterPositiveTest"/>
        <method signature="RegisterPositiveTest.TC_RF_005_registerWithNewsletterSubscriptionYes()[pri:0, instance:testCases.register.RegisterPositiveTest@332796d3]" name="TC_RF_005_registerWithNewsletterSubscriptionYes" class="testCases.register.RegisterPositiveTest"/>
        <method signature="RegisterPositiveTest.TC_RF_006_registerWithNewsletterSubscriptionNo()[pri:0, instance:testCases.register.RegisterPositiveTest@332796d3]" name="TC_RF_006_registerWithNewsletterSubscriptionNo" class="testCases.register.RegisterPositiveTest"/>
      </group> <!-- Regression -->
    </groups>
    <test started-at="2026-03-22T12:48:39 ICT" name="Test" finished-at="2026-03-22T12:48:57 ICT" duration-ms="17457">
      <class name="testCases.register.RegisterPositiveTest">
        <test-method is-config="true" signature="setup(java.lang.String,java.lang.String)[pri:0, instance:testCases.register.RegisterPositiveTest@332796d3]" started-at="2026-03-22T12:48:40 ICT" name="setup" finished-at="2026-03-22T12:48:41 ICT" duration-ms="1292" status="PASS">
          <params>
            <param index="0">
              <value>
                <![CDATA[Windows]]>
              </value>
            </param>
            <param index="1">
              <value>
                <![CDATA[chrome]]>
              </value>
            </param>
          </params>
          <reporter-output>
          </reporter-output>
        </test-method> <!-- setup -->
        <test-method is-config="true" signature="resetPageState()[pri:0, instance:testCases.register.RegisterPositiveTest@332796d3]" started-at="2026-03-22T12:48:41 ICT" name="resetPageState" finished-at="2026-03-22T12:48:43 ICT" duration-ms="1879" status="PASS">
          <reporter-output>
          </reporter-output>
        </test-method> <!-- resetPageState -->
        <test-method signature="TC_RF_001_registerWithMandatoryFields()[pri:0, instance:testCases.register.RegisterPositiveTest@332796d3]" started-at="2026-03-22T12:48:43 ICT" name="TC_RF_001_registerWithMandatoryFields" finished-at="2026-03-22T12:48:45 ICT" duration-ms="2474" status="PASS">
          <reporter-output>
          </reporter-output>
        </test-method> <!-- TC_RF_001_registerWithMandatoryFields -->
        <test-method is-config="true" signature="resetPageState()[pri:0, instance:testCases.register.RegisterPositiveTest@332796d3]" started-at="2026-03-22T12:48:45 ICT" name="resetPageState" finished-at="2026-03-22T12:48:46 ICT" duration-ms="406" status="PASS">
          <reporter-output>
          </reporter-output>
        </test-method> <!-- resetPageState -->
        <test-method signature="TC_RF_002_verifyRegistrationConfirmationEmail()[pri:0, instance:testCases.register.RegisterPositiveTest@332796d3]" started-at="2026-03-22T12:48:46 ICT" name="TC_RF_002_verifyRegistrationConfirmationEmail" finished-at="2026-03-22T12:48:47 ICT" duration-ms="930" status="PASS">
          <reporter-output>
          </reporter-output>
        </test-method> <!-- TC_RF_002_verifyRegistrationConfirmationEmail -->
        <test-method is-config="true" signature="resetPageState()[pri:0, instance:testCases.register.RegisterPositiveTest@332796d3]" started-at="2026-03-22T12:48:47 ICT" name="resetPageState" finished-at="2026-03-22T12:48:48 ICT" duration-ms="1029" status="PASS">
          <reporter-output>
          </reporter-output>
        </test-method> <!-- resetPageState -->
        <test-method signature="TC_RF_003_registerWithAllFields()[pri:0, instance:testCases.register.RegisterPositiveTest@332796d3]" started-at="2026-03-22T12:48:48 ICT" name="TC_RF_003_registerWithAllFields" finished-at="2026-03-22T12:48:50 ICT" duration-ms="2483" status="PASS">
          <reporter-output>
          </reporter-output>
        </test-method> <!-- TC_RF_003_registerWithAllFields -->
        <test-method is-config="true" signature="resetPageState()[pri:0, instance:testCases.register.RegisterPositiveTest@332796d3]" started-at="2026-03-22T12:48:50 ICT" name="resetPageState" finished-at="2026-03-22T12:48:51 ICT" duration-ms="479" status="PASS">
          <reporter-output>
          </reporter-output>
        </test-method> <!-- resetPageState -->
        <test-method signature="TC_RF_005_registerWithNewsletterSubscriptionYes()[pri:0, instance:testCases.register.RegisterPositiveTest@332796d3]" started-at="2026-03-22T12:48:51 ICT" name="TC_RF_005_registerWithNewsletterSubscriptionYes" finished-at="2026-03-22T12:48:54 ICT" duration-ms="3064" status="PASS">
          <reporter-output>
          </reporter-output>
        </test-method> <!-- TC_RF_005_registerWithNewsletterSubscriptionYes -->
        <test-method is-config="true" signature="resetPageState()[pri:0, instance:testCases.register.RegisterPositiveTest@332796d3]" started-at="2026-03-22T12:48:54 ICT" name="resetPageState" finished-at="2026-03-22T12:48:54 ICT" duration-ms="532" status="PASS">
          <reporter-output>
          </reporter-output>
        </test-method> <!-- resetPageState -->
        <test-method signature="TC_RF_006_registerWithNewsletterSubscriptionNo()[pri:0, instance:testCases.register.RegisterPositiveTest@332796d3]" started-at="2026-03-22T12:48:54 ICT" name="TC_RF_006_registerWithNewsletterSubscriptionNo" finished-at="2026-03-22T12:48:57 ICT" duration-ms="2390" status="PASS">
          <reporter-output>
          </reporter-output>
        </test-method> <!-- TC_RF_006_registerWithNewsletterSubscriptionNo -->
        <test-method is-config="true" signature="tearDown()[pri:0, instance:testCases.register.RegisterPositiveTest@332796d3]" started-at="2026-03-22T12:48:57 ICT" name="tearDown" finished-at="2026-03-22T12:48:57 ICT" duration-ms="201" status="PASS">
          <reporter-output>
          </reporter-output>
        </test-method> <!-- tearDown -->
      </class> <!-- testCases.register.RegisterPositiveTest -->
    </test> <!-- Test -->
  </suite> <!-- Suite -->
</testng-results>
