<?xml version="1.0" encoding="UTF-8"?>
<testng-results ignored="0" total="8" passed="7" failed="1" skipped="0">
  <reporter-output>
  </reporter-output>
  <suite started-at="2026-04-28T02:50:42 ICT" name="Suite" finished-at="2026-04-28T02:50:57 ICT" duration-ms="14805">
    <groups>
    </groups>
    <test started-at="2026-04-28T02:50:42 ICT" name="Test" finished-at="2026-04-28T02:50:57 ICT" duration-ms="14805">
      <class name="testCases.register.RegisterUITest">
        <test-method is-config="true" signature="setup(java.lang.String,java.lang.String)[pri:0, instance:testCases.register.RegisterUITest@7862f56]" started-at="2026-04-28T02:50:42 ICT" name="setup" finished-at="2026-04-28T02:50:44 ICT" duration-ms="1263" status="PASS">
          <params>
            <param index="0">
              <value>
                <![CDATA[Windows]]>
              </value>
            </param>
            <param index="1">
              <value>
                <![CDATA[chrome]]>
              </value>
            </param>
          </params>
          <reporter-output>
          </reporter-output>
        </test-method> <!-- setup -->
        <test-method is-config="true" signature="resetPageState()[pri:0, instance:testCases.register.RegisterUITest@7862f56]" started-at="2026-04-28T02:50:44 ICT" name="resetPageState" finished-at="2026-04-28T02:50:45 ICT" duration-ms="929" status="PASS">
          <reporter-output>
          </reporter-output>
        </test-method> <!-- resetPageState -->
        <test-method is-config="true" signature="navigateRegisterPage()[pri:0, instance:testCases.register.RegisterUITest@7862f56]" started-at="2026-04-28T02:50:45 ICT" name="navigateRegisterPage" finished-at="2026-04-28T02:50:45 ICT" duration-ms="450" status="PASS">
          <reporter-output>
          </reporter-output>
        </test-method> <!-- navigateRegisterPage -->
        <test-method signature="TC_RF_007_verifyNavigationToRegisterPageFromDifferentLinks()[pri:0, instance:testCases.register.RegisterUITest@7862f56]" started-at="2026-04-28T02:50:45 ICT" name="TC_RF_007_verifyNavigationToRegisterPageFromDifferentLinks" finished-at="2026-04-28T02:50:46 ICT" duration-ms="1289" status="PASS">
          <reporter-output>
          </reporter-output>
        </test-method> <!-- TC_RF_007_verifyNavigationToRegisterPageFromDifferentLinks -->
        <test-method is-config="true" signature="resetPageState()[pri:0, instance:testCases.register.RegisterUITest@7862f56]" started-at="2026-04-28T02:50:46 ICT" name="resetPageState" finished-at="2026-04-28T02:50:47 ICT" duration-ms="466" status="PASS">
          <reporter-output>
          </reporter-output>
        </test-method> <!-- resetPageState -->
        <test-method is-config="true" signature="navigateRegisterPage()[pri:0, instance:testCases.register.RegisterUITest@7862f56]" started-at="2026-04-28T02:50:47 ICT" name="navigateRegisterPage" finished-at="2026-04-28T02:50:47 ICT" duration-ms="356" status="PASS">
          <reporter-output>
          </reporter-output>
        </test-method> <!-- navigateRegisterPage -->
        <test-method signature="TC_RF_013_verifyFieldPlaceholders()[pri:0, instance:testCases.register.RegisterUITest@7862f56]" started-at="2026-04-28T02:50:47 ICT" name="TC_RF_013_verifyFieldPlaceholders" finished-at="2026-04-28T02:50:47 ICT" duration-ms="169" status="PASS">
          <reporter-output>
          </reporter-output>
        </test-method> <!-- TC_RF_013_verifyFieldPlaceholders -->
        <test-method is-config="true" signature="resetPageState()[pri:0, instance:testCases.register.RegisterUITest@7862f56]" started-at="2026-04-28T02:50:47 ICT" name="resetPageState" finished-at="2026-04-28T02:50:48 ICT" duration-ms="465" status="PASS">
          <reporter-output>
          </reporter-output>
        </test-method> <!-- resetPageState -->
        <test-method is-config="true" signature="navigateRegisterPage()[pri:0, instance:testCases.register.RegisterUITest@7862f56]" started-at="2026-04-28T02:50:48 ICT" name="navigateRegisterPage" finished-at="2026-04-28T02:50:48 ICT" duration-ms="296" status="PASS">
          <reporter-output>
          </reporter-output>
        </test-method> <!-- navigateRegisterPage -->
        <test-method signature="TC_RF_014_verifyMandatoryFieldsHaveRedAsterisk()[pri:0, instance:testCases.register.RegisterUITest@7862f56]" started-at="2026-04-28T02:50:48 ICT" name="TC_RF_014_verifyMandatoryFieldsHaveRedAsterisk" finished-at="2026-04-28T02:50:48 ICT" duration-ms="307" status="FAIL">
          <exception class="java.lang.AssertionError">
            <message>
              <![CDATA[The following asserts failed:
Privacy Policy không có dấu * expected [true] but found [false]]]>
            </message>
            <full-stacktrace>
              <![CDATA[java.lang.AssertionError: The following asserts failed:
Privacy Policy không có dấu * expected [true] but found [false]
at org.testng.asserts.SoftAssert.assertAll(SoftAssert.java:46)
at org.testng.asserts.SoftAssert.assertAll(SoftAssert.java:30)
at testCases.register.RegisterUITest.TC_RF_014_verifyMandatoryFieldsHaveRedAsterisk(RegisterUITest.java:75)
at java.base/jdk.internal.reflect.DirectMethodHandleAccessor.invoke(DirectMethodHandleAccessor.java:103)
at java.base/java.lang.reflect.Method.invoke(Method.java:580)
at org.testng.internal.invokers.MethodInvocationHelper.invokeMethod(MethodInvocationHelper.java:141)
at org.testng.internal.invokers.TestInvoker.invokeMethod(TestInvoker.java:697)
at org.testng.internal.invokers.TestInvoker.invokeTestMethod(TestInvoker.java:230)
at org.testng.internal.invokers.MethodRunner.runInSequence(MethodRunner.java:63)
at org.testng.internal.invokers.TestInvoker$MethodInvocationAgent.invoke(TestInvoker.java:1005)
at org.testng.internal.invokers.TestInvoker.invokeTestMethods(TestInvoker.java:203)
at org.testng.internal.invokers.TestMethodWorker.invokeTestMethods(TestMethodWorker.java:154)
at org.testng.internal.invokers.TestMethodWorker.run(TestMethodWorker.java:134)
at java.base/java.util.ArrayList.forEach(ArrayList.java:1596)
at org.testng.TestRunner.privateRun(TestRunner.java:744)
at org.testng.TestRunner.run(TestRunner.java:616)
at org.testng.SuiteRunner.runTest(SuiteRunner.java:421)
at org.testng.SuiteRunner.runSequentially(SuiteRunner.java:413)
at org.testng.SuiteRunner.privateRun(SuiteRunner.java:373)
at org.testng.SuiteRunner.run(SuiteRunner.java:312)
at org.testng.SuiteRunnerWorker.runSuite(SuiteRunnerWorker.java:52)
at org.testng.SuiteRunnerWorker.run(SuiteRunnerWorker.java:95)
at org.testng.TestNG.runSuitesSequentially(TestNG.java:1274)
at org.testng.TestNG.runSuitesLocally(TestNG.java:1208)
at org.testng.TestNG.runSuites(TestNG.java:1112)
at org.testng.TestNG.run(TestNG.java:1079)
at org.testng.remote.AbstractRemoteTestNG.run(AbstractRemoteTestNG.java:115)
at org.testng.remote.RemoteTestNG.initAndRun(RemoteTestNG.java:293)
at org.testng.remote.RemoteTestNG.main(RemoteTestNG.java:91)
]]>
            </full-stacktrace>
          </exception> <!-- java.lang.AssertionError -->
          <reporter-output>
          </reporter-output>
        </test-method> <!-- TC_RF_014_verifyMandatoryFieldsHaveRedAsterisk -->
        <test-method is-config="true" signature="resetPageState()[pri:0, instance:testCases.register.RegisterUITest@7862f56]" started-at="2026-04-28T02:50:49 ICT" name="resetPageState" finished-at="2026-04-28T02:50:49 ICT" duration-ms="439" status="PASS">
          <reporter-output>
          </reporter-output>
        </test-method> <!-- resetPageState -->
        <test-method is-config="true" signature="navigateRegisterPage()[pri:0, instance:testCases.register.RegisterUITest@7862f56]" started-at="2026-04-28T02:50:49 ICT" name="navigateRegisterPage" finished-at="2026-04-28T02:50:49 ICT" duration-ms="322" status="PASS">
          <reporter-output>
          </reporter-output>
        </test-method> <!-- navigateRegisterPage -->
        <test-method signature="TC_RF_019_verifyLeadingAndTrailingSpacesAreTrimmed()[pri:0, instance:testCases.register.RegisterUITest@7862f56]" started-at="2026-04-28T02:50:49 ICT" name="TC_RF_019_verifyLeadingAndTrailingSpacesAreTrimmed" finished-at="2026-04-28T02:50:53 ICT" duration-ms="3946" status="PASS">
          <reporter-output>
          </reporter-output>
        </test-method> <!-- TC_RF_019_verifyLeadingAndTrailingSpacesAreTrimmed -->
        <test-method is-config="true" signature="resetPageState()[pri:0, instance:testCases.register.RegisterUITest@7862f56]" started-at="2026-04-28T02:50:53 ICT" name="resetPageState" finished-at="2026-04-28T02:50:54 ICT" duration-ms="435" status="PASS">
          <reporter-output>
          </reporter-output>
        </test-method> <!-- resetPageState -->
        <test-method is-config="true" signature="navigateRegisterPage()[pri:0, instance:testCases.register.RegisterUITest@7862f56]" started-at="2026-04-28T02:50:54 ICT" name="navigateRegisterPage" finished-at="2026-04-28T02:50:54 ICT" duration-ms="322" status="PASS">
          <reporter-output>
          </reporter-output>
        </test-method> <!-- navigateRegisterPage -->
        <test-method signature="TC_RF_020_verifyPrivacyPolicyNotSelectedByDefault()[pri:0, instance:testCases.register.RegisterUITest@7862f56]" started-at="2026-04-28T02:50:54 ICT" name="TC_RF_020_verifyPrivacyPolicyNotSelectedByDefault" finished-at="2026-04-28T02:50:54 ICT" duration-ms="31" status="PASS">
          <reporter-output>
          </reporter-output>
        </test-method> <!-- TC_RF_020_verifyPrivacyPolicyNotSelectedByDefault -->
        <test-method is-config="true" signature="resetPageState()[pri:0, instance:testCases.register.RegisterUITest@7862f56]" started-at="2026-04-28T02:50:54 ICT" name="resetPageState" finished-at="2026-04-28T02:50:54 ICT" duration-ms="414" status="PASS">
          <reporter-output>
          </reporter-output>
        </test-method> <!-- resetPageState -->
        <test-method is-config="true" signature="navigateRegisterPage()[pri:0, instance:testCases.register.RegisterUITest@7862f56]" started-at="2026-04-28T02:50:54 ICT" name="navigateRegisterPage" finished-at="2026-04-28T02:50:55 ICT" duration-ms="337" status="PASS">
          <reporter-output>
          </reporter-output>
        </test-method> <!-- navigateRegisterPage -->
        <test-method signature="TC_RF_022_verifyPasswordCharactersAreMasked()[pri:0, instance:testCases.register.RegisterUITest@7862f56]" started-at="2026-04-28T02:50:55 ICT" name="TC_RF_022_verifyPasswordCharactersAreMasked" finished-at="2026-04-28T02:50:55 ICT" duration-ms="199" status="PASS">
          <reporter-output>
          </reporter-output>
        </test-method> <!-- TC_RF_022_verifyPasswordCharactersAreMasked -->
        <test-method is-config="true" signature="resetPageState()[pri:0, instance:testCases.register.RegisterUITest@7862f56]" started-at="2026-04-28T02:50:55 ICT" name="resetPageState" finished-at="2026-04-28T02:50:55 ICT" duration-ms="471" status="PASS">
          <reporter-output>
          </reporter-output>
        </test-method> <!-- resetPageState -->
        <test-method is-config="true" signature="navigateRegisterPage()[pri:0, instance:testCases.register.RegisterUITest@7862f56]" started-at="2026-04-28T02:50:55 ICT" name="navigateRegisterPage" finished-at="2026-04-28T02:50:56 ICT" duration-ms="448" status="PASS">
          <reporter-output>
          </reporter-output>
        </test-method> <!-- navigateRegisterPage -->
        <test-method signature="TC_RF_025_verifyPageTitleUrlHeadingAndBreadcrumb()[pri:0, instance:testCases.register.RegisterUITest@7862f56]" started-at="2026-04-28T02:50:56 ICT" name="TC_RF_025_verifyPageTitleUrlHeadingAndBreadcrumb" finished-at="2026-04-28T02:50:56 ICT" duration-ms="87" status="PASS">
          <reporter-output>
          </reporter-output>
        </test-method> <!-- TC_RF_025_verifyPageTitleUrlHeadingAndBreadcrumb -->
        <test-method is-config="true" signature="resetPageState()[pri:0, instance:testCases.register.RegisterUITest@7862f56]" started-at="2026-04-28T02:50:56 ICT" name="resetPageState" finished-at="2026-04-28T02:50:56 ICT" duration-ms="402" status="PASS">
          <reporter-output>
          </reporter-output>
        </test-method> <!-- resetPageState -->
        <test-method is-config="true" signature="navigateRegisterPage()[pri:0, instance:testCases.register.RegisterUITest@7862f56]" started-at="2026-04-28T02:50:56 ICT" name="navigateRegisterPage" finished-at="2026-04-28T02:50:57 ICT" duration-ms="373" status="PASS">
          <reporter-output>
          </reporter-output>
        </test-method> <!-- navigateRegisterPage -->
        <test-method signature="TC_RF_027_verifyRegisterFunctionalityAcrossSupportedEnvironments()[pri:0, instance:testCases.register.RegisterUITest@7862f56]" started-at="2026-04-28T02:50:57 ICT" name="TC_RF_027_verifyRegisterFunctionalityAcrossSupportedEnvironments" finished-at="2026-04-28T02:50:57 ICT" duration-ms="26" status="PASS">
          <reporter-output>
          </reporter-output>
        </test-method> <!-- TC_RF_027_verifyRegisterFunctionalityAcrossSupportedEnvironments -->
        <test-method is-config="true" signature="tearDown()[pri:0, instance:testCases.register.RegisterUITest@7862f56]" started-at="2026-04-28T02:50:57 ICT" name="tearDown" finished-at="2026-04-28T02:50:57 ICT" duration-ms="167" status="PASS">
          <reporter-output>
          </reporter-output>
        </test-method> <!-- tearDown -->
      </class> <!-- testCases.register.RegisterUITest -->
    </test> <!-- Test -->
  </suite> <!-- Suite -->
</testng-results>
