<?xml version="1.0" encoding="UTF-8"?>
<!-- Generated by org.testng.reporters.JUnitReportReporter -->
<testsuite hostname="DESKTOP-TR0LPB6" failures="0" tests="7" name="testCases.addToCart.AddToCartPositiveTest" time="25.847" errors="0" timestamp="2026-04-29T14:57:47 ICT" skipped="0">
  <testcase classname="testCases.addToCart.AddToCartPositiveTest" name="TC_ATC_003_AddToCart_SearchResultsPage" time="3.184"/>
  <testcase classname="testCases.addToCart.AddToCartPositiveTest" name="TC_ATC_004_AddToCart_RelatedProducts" time="3.664"/>
  <testcase classname="testCases.addToCart.AddToCartPositiveTest" name="TC_ATC_006_AddToCart_FeaturedSection" time="2.253"/>
  <testcase classname="testCases.addToCart.AddToCartPositiveTest" name="TC_ATC_007_AddToCart_ComparisonPage" time="3.470"/>
  <testcase classname="testCases.addToCart.AddToCartPositiveTest" name="TC_ATC_002_AddToCart_WishListPage" time="5.338"/>
  <testcase classname="testCases.addToCart.AddToCartPositiveTest" name="TC_ATC_005_AddToCart_CategoryPage" time="3.547"/>
  <testcase classname="testCases.addToCart.AddToCartPositiveTest" name="TC_ATC_001_AddToCart_ProductDisplayPage" time="4.391"/>
</testsuite> <!-- testCases.addToCart.AddToCartPositiveTest -->
