<?xml version="1.0" encoding="UTF-8"?>
<!-- Generated by org.testng.reporters.JUnitReportReporter -->
<testsuite hostname="DESKTOP-TR0LPB6" failures="0" tests="17" name="testCases.checkout.CheckoutPositiveTest" time="162.383" errors="2" timestamp="2026-05-01T04:12:15 ICT" skipped="0">
  <testcase classname="testCases.checkout.CheckoutPositiveTest" name="TC_CO_010_Checkout_RegUser_NewDeliveryMandatory" time="12.175"/>
  <testcase classname="testCases.checkout.CheckoutPositiveTest" name="TC_CO_002_Checkout_NavigateFromShoppingCartPage" time="1.807"/>
  <testcase classname="testCases.checkout.CheckoutPositiveTest" name="TC_CO_003_Checkout_NavigateFromHeaderOption" time="1.289"/>
  <testcase classname="testCases.checkout.CheckoutPositiveTest" name="TC_CO_005_Checkout_RegUser_ExistingAddress" time="12.183"/>
  <testcase classname="testCases.checkout.CheckoutPositiveTest" name="TC_CO_016_Checkout_GuestFlow" time="11.254"/>
  <testcase classname="testCases.checkout.CheckoutPositiveTest" name="TC_CO_018_Checkout_LoginDuringFlow" time="11.025"/>
  <testcase classname="testCases.checkout.CheckoutPositiveTest" name="TC_CO_011_Checkout_RegUser_NewDeliveryAllFields" time="12.787"/>
  <testcase classname="testCases.checkout.CheckoutPositiveTest" name="TC_CO_007_Checkout_RegUser_NewBillingAllFields" time="12.703"/>
  <testcase classname="testCases.checkout.CheckoutPositiveTest" name="TC_CO_006_Checkout_RegUser_NewBillingMandatory" time="12.509"/>
  <testcase classname="testCases.checkout.CheckoutPositiveTest" name="TC_CO_015_Checkout_AddCommentPaymentMethod" time="10.983"/>
  <testcase classname="testCases.checkout.CheckoutPositiveTest" name="TC_CO_004_Checkout_NavigateFromCartBlock" time="1.824"/>
  <testcase classname="testCases.checkout.CheckoutPositiveTest" name="TC_CO_010_Checkout_RegUser_NewDeliveryMandatory" time="12.603"/>
  <testcase classname="testCases.checkout.CheckoutPositiveTest" name="TC_CO_011_Checkout_RegUser_NewDeliveryAllFields" time="12.730"/>
  <testcase classname="testCases.checkout.CheckoutPositiveTest" name="TC_CO_014_Checkout_AddCommentDeliveryMethod" time="11.004"/>
  <testcase classname="testCases.checkout.CheckoutPositiveTest" name="TC_CO_016_Checkout_GuestFlow" time="11.409"/>
  <testcase classname="testCases.checkout.CheckoutPositiveTest" name="TC_CO_017_Checkout_NewUserRegistration" time="7.276">
    <error message="Test dừng do không lấy được attribute từ: Section Delivery Method" type="java.lang.RuntimeException">
      <![CDATA[java.lang.RuntimeException: Test dừng do không lấy được attribute từ: Section Delivery Method
at pageObjects.BasePage.getAttribute(BasePage.java:83)
at pageObjects.CheckoutPage.isDeliveryMethod(CheckoutPage.java:628)
at testCases.checkout.CheckoutPositiveTest.proceedToConfirmOrderForNewCustomer(CheckoutPositiveTest.java:125)
at testCases.checkout.CheckoutPositiveTest.TC_CO_017_Checkout_NewUserRegistration(CheckoutPositiveTest.java:401)
at java.base/jdk.internal.reflect.DirectMethodHandleAccessor.invoke(DirectMethodHandleAccessor.java:103)
at java.base/java.lang.reflect.Method.invoke(Method.java:580)
at org.testng.internal.invokers.MethodInvocationHelper.invokeMethod(MethodInvocationHelper.java:141)
at org.testng.internal.invokers.TestInvoker.invokeMethod(TestInvoker.java:697)
at org.testng.internal.invokers.TestInvoker.invokeTestMethod(TestInvoker.java:230)
at org.testng.internal.invokers.MethodRunner.runInSequence(MethodRunner.java:63)
at org.testng.internal.invokers.TestInvoker$MethodInvocationAgent.invoke(TestInvoker.java:1005)
at org.testng.internal.invokers.TestInvoker.invokeTestMethods(TestInvoker.java:203)
at org.testng.internal.invokers.TestMethodWorker.invokeTestMethods(TestMethodWorker.java:154)
at org.testng.internal.invokers.TestMethodWorker.run(TestMethodWorker.java:134)
at java.base/java.util.ArrayList.forEach(ArrayList.java:1596)
at org.testng.TestRunner.privateRun(TestRunner.java:744)
at org.testng.TestRunner.run(TestRunner.java:616)
at org.testng.SuiteRunner.runTest(SuiteRunner.java:421)
at org.testng.SuiteRunner.runSequentially(SuiteRunner.java:413)
at org.testng.SuiteRunner.privateRun(SuiteRunner.java:373)
at org.testng.SuiteRunner.run(SuiteRunner.java:312)
at org.testng.SuiteRunnerWorker.runSuite(SuiteRunnerWorker.java:52)
at org.testng.SuiteRunnerWorker.run(SuiteRunnerWorker.java:95)
at org.testng.TestNG.runSuitesSequentially(TestNG.java:1274)
at org.testng.TestNG.runSuitesLocally(TestNG.java:1208)
at org.testng.TestNG.runSuites(TestNG.java:1112)
at org.testng.TestNG.run(TestNG.java:1079)
at org.testng.remote.AbstractRemoteTestNG.run(AbstractRemoteTestNG.java:115)
at org.testng.remote.RemoteTestNG.initAndRun(RemoteTestNG.java:293)
at org.testng.remote.RemoteTestNG.main(RemoteTestNG.java:91)
Caused by: org.openqa.selenium.UnhandledAlertException: unexpected alert open: {Alert text : SyntaxError: Unexpected token '<', "<b>Warning"... is not valid JSON
OK
<b>Warning</b>: mail(): Failed to connect to mailserver at &quot;localhost&quot; port 25, verify your &quot;SMTP&quot; and &quot;smtp_port&quot; setting in php.ini or use ini_set() in <b>C:\xampp\htdocs\opencart\upload\system\library\mail\mail.php</b> on line <b>83</b>[]}
  (Session info: chrome=147.0.7727.119): SyntaxError: Unexpected token '<', "<b>Warning"... is not valid JSON
OK
<b>Warning</b>: mail(): Failed to connect to mailserver at &quot;localhost&quot; port 25, verify your &quot;SMTP&quot; and &quot;smtp_port&quot; setting in php.ini or use ini_set() in <b>C:\xampp\htdocs\opencart\upload\system\library\mail\mail.php</b> on line <b>83</b>[]
Build info: version: '4.41.0', revision: '9fc754f'
System info: os.name: 'Windows 10', os.arch: 'amd64', os.version: '10.0', java.version: '21.0.10'
Driver info: org.openqa.selenium.chrome.ChromeDriver
Command: [cdab554101bcc4569a8dd982ecfa9f7a, findElement {value=#collapse-shipping-method, using=css selector}]
Capabilities {acceptInsecureCerts: false, browserName: chrome, browserVersion: 147.0.7727.119, chrome: {chromedriverVersion: 147.0.7727.117 (474cc805edd..., userDataDir: C:\Users\Admin\AppData\Loca...}, fedcm:accounts: true, goog:chromeOptions: {debuggerAddress: localhost:61524}, goog:processID: 30900, networkConnectionEnabled: false, pageLoadStrategy: normal, platformName: windows, proxy: Proxy(), se:cdp: ws://localhost:61524/devtoo..., se:cdpVersion: 147.0.7727.119, setWindowRect: true, strictFileInteractability: false, timeouts: {implicit: 0, pageLoad: 300000, script: 30000}, unhandledPromptBehavior: dismiss and notify, webauthn:extension:credBlob: true, webauthn:extension:largeBlob: true, webauthn:extension:minPinLength: true, webauthn:extension:prf: true, webauthn:virtualAuthenticators: true}
Session ID: cdab554101bcc4569a8dd982ecfa9f7a
at org.openqa.selenium.remote.codec.w3c.W3CHttpResponseCodec.decode(W3CHttpResponseCodec.java:140)
at org.openqa.selenium.remote.codec.w3c.W3CHttpResponseCodec.decode(W3CHttpResponseCodec.java:49)
at org.openqa.selenium.remote.HttpCommandExecutor.execute(HttpCommandExecutor.java:223)
at org.openqa.selenium.remote.service.DriverCommandExecutor.invokeExecute(DriverCommandExecutor.java:216)
at org.openqa.selenium.remote.service.DriverCommandExecutor.execute(DriverCommandExecutor.java:174)
at org.openqa.selenium.remote.RemoteWebDriver.execute(RemoteWebDriver.java:604)
at org.openqa.selenium.remote.ElementLocation$ElementFinder$2.findElement(ElementLocation.java:166)
at org.openqa.selenium.remote.ElementLocation.findElement(ElementLocation.java:60)
at org.openqa.selenium.remote.RemoteWebDriver.findElement(RemoteWebDriver.java:427)
at org.openqa.selenium.remote.RemoteWebDriver.findElement(RemoteWebDriver.java:421)
at org.openqa.selenium.support.ui.ExpectedConditions$7.apply(ExpectedConditions.java:222)
at org.openqa.selenium.support.ui.ExpectedConditions$7.apply(ExpectedConditions.java:215)
at org.openqa.selenium.support.ui.FluentWait.until(FluentWait.java:209)
at pageObjects.BasePage.getAttribute(BasePage.java:77)
... 29 more
]]>
    </error>
  </testcase> <!-- TC_CO_017_Checkout_NewUserRegistration -->
  <testcase classname="testCases.checkout.CheckoutPositiveTest" name="TC_CO_017_Checkout_NewUserRegistration" time="6.822">
    <error message="Test dừng do không lấy được attribute từ: Section Delivery Method" type="java.lang.RuntimeException">
      <![CDATA[java.lang.RuntimeException: Test dừng do không lấy được attribute từ: Section Delivery Method
at pageObjects.BasePage.getAttribute(BasePage.java:83)
at pageObjects.CheckoutPage.isDeliveryMethod(CheckoutPage.java:628)
at testCases.checkout.CheckoutPositiveTest.proceedToConfirmOrderForNewCustomer(CheckoutPositiveTest.java:125)
at testCases.checkout.CheckoutPositiveTest.TC_CO_017_Checkout_NewUserRegistration(CheckoutPositiveTest.java:401)
at java.base/jdk.internal.reflect.DirectMethodHandleAccessor.invoke(DirectMethodHandleAccessor.java:103)
at java.base/java.lang.reflect.Method.invoke(Method.java:580)
at org.testng.internal.invokers.MethodInvocationHelper.invokeMethod(MethodInvocationHelper.java:141)
at org.testng.internal.invokers.TestInvoker.invokeMethod(TestInvoker.java:697)
at org.testng.internal.invokers.TestInvoker.invokeTestMethod(TestInvoker.java:230)
at org.testng.internal.invokers.MethodRunner.runInSequence(MethodRunner.java:63)
at org.testng.internal.invokers.TestInvoker$MethodInvocationAgent.invoke(TestInvoker.java:1005)
at org.testng.internal.invokers.TestInvoker.invokeTestMethods(TestInvoker.java:203)
at org.testng.internal.invokers.TestMethodWorker.invokeTestMethods(TestMethodWorker.java:154)
at org.testng.internal.invokers.TestMethodWorker.run(TestMethodWorker.java:134)
at java.base/java.util.ArrayList.forEach(ArrayList.java:1596)
at org.testng.TestRunner.privateRun(TestRunner.java:744)
at org.testng.TestRunner.run(TestRunner.java:616)
at org.testng.SuiteRunner.runTest(SuiteRunner.java:421)
at org.testng.SuiteRunner.runSequentially(SuiteRunner.java:413)
at org.testng.SuiteRunner.privateRun(SuiteRunner.java:373)
at org.testng.SuiteRunner.run(SuiteRunner.java:312)
at org.testng.SuiteRunnerWorker.runSuite(SuiteRunnerWorker.java:52)
at org.testng.SuiteRunnerWorker.run(SuiteRunnerWorker.java:95)
at org.testng.TestNG.runSuitesSequentially(TestNG.java:1274)
at org.testng.TestNG.runSuitesLocally(TestNG.java:1208)
at org.testng.TestNG.runSuites(TestNG.java:1112)
at org.testng.TestNG.run(TestNG.java:1079)
at org.testng.remote.AbstractRemoteTestNG.run(AbstractRemoteTestNG.java:115)
at org.testng.remote.RemoteTestNG.initAndRun(RemoteTestNG.java:293)
at org.testng.remote.RemoteTestNG.main(RemoteTestNG.java:91)
Caused by: org.openqa.selenium.UnhandledAlertException: unexpected alert open: {Alert text : SyntaxError: Unexpected token '<', "<b>Warning"... is not valid JSON
OK
<b>Warning</b>: mail(): Failed to connect to mailserver at &quot;localhost&quot; port 25, verify your &quot;SMTP&quot; and &quot;smtp_port&quot; setting in php.ini or use ini_set() in <b>C:\xampp\htdocs\opencart\upload\system\library\mail\mail.php</b> on line <b>83</b>[]}
  (Session info: chrome=147.0.7727.119): SyntaxError: Unexpected token '<', "<b>Warning"... is not valid JSON
OK
<b>Warning</b>: mail(): Failed to connect to mailserver at &quot;localhost&quot; port 25, verify your &quot;SMTP&quot; and &quot;smtp_port&quot; setting in php.ini or use ini_set() in <b>C:\xampp\htdocs\opencart\upload\system\library\mail\mail.php</b> on line <b>83</b>[]
Build info: version: '4.41.0', revision: '9fc754f'
System info: os.name: 'Windows 10', os.arch: 'amd64', os.version: '10.0', java.version: '21.0.10'
Driver info: org.openqa.selenium.chrome.ChromeDriver
Command: [cdab554101bcc4569a8dd982ecfa9f7a, findElement {value=#collapse-shipping-method, using=css selector}]
Capabilities {acceptInsecureCerts: false, browserName: chrome, browserVersion: 147.0.7727.119, chrome: {chromedriverVersion: 147.0.7727.117 (474cc805edd..., userDataDir: C:\Users\Admin\AppData\Loca...}, fedcm:accounts: true, goog:chromeOptions: {debuggerAddress: localhost:61524}, goog:processID: 30900, networkConnectionEnabled: false, pageLoadStrategy: normal, platformName: windows, proxy: Proxy(), se:cdp: ws://localhost:61524/devtoo..., se:cdpVersion: 147.0.7727.119, setWindowRect: true, strictFileInteractability: false, timeouts: {implicit: 0, pageLoad: 300000, script: 30000}, unhandledPromptBehavior: dismiss and notify, webauthn:extension:credBlob: true, webauthn:extension:largeBlob: true, webauthn:extension:minPinLength: true, webauthn:extension:prf: true, webauthn:virtualAuthenticators: true}
Session ID: cdab554101bcc4569a8dd982ecfa9f7a
at org.openqa.selenium.remote.codec.w3c.W3CHttpResponseCodec.decode(W3CHttpResponseCodec.java:140)
at org.openqa.selenium.remote.codec.w3c.W3CHttpResponseCodec.decode(W3CHttpResponseCodec.java:49)
at org.openqa.selenium.remote.HttpCommandExecutor.execute(HttpCommandExecutor.java:223)
at org.openqa.selenium.remote.service.DriverCommandExecutor.invokeExecute(DriverCommandExecutor.java:216)
at org.openqa.selenium.remote.service.DriverCommandExecutor.execute(DriverCommandExecutor.java:174)
at org.openqa.selenium.remote.RemoteWebDriver.execute(RemoteWebDriver.java:604)
at org.openqa.selenium.remote.ElementLocation$ElementFinder$2.findElement(ElementLocation.java:166)
at org.openqa.selenium.remote.ElementLocation.findElement(ElementLocation.java:60)
at org.openqa.selenium.remote.RemoteWebDriver.findElement(RemoteWebDriver.java:427)
at org.openqa.selenium.remote.RemoteWebDriver.findElement(RemoteWebDriver.java:421)
at org.openqa.selenium.support.ui.ExpectedConditions$7.apply(ExpectedConditions.java:222)
at org.openqa.selenium.support.ui.ExpectedConditions$7.apply(ExpectedConditions.java:215)
at org.openqa.selenium.support.ui.FluentWait.until(FluentWait.java:209)
at pageObjects.BasePage.getAttribute(BasePage.java:77)
... 29 more
]]>
    </error>
  </testcase> <!-- TC_CO_017_Checkout_NewUserRegistration -->
</testsuite> <!-- testCases.checkout.CheckoutPositiveTest -->
