<?xml version="1.0" encoding="UTF-8"?>
<!-- Generated by org.testng.reporters.JUnitReportReporter -->
<testsuite hostname="DESKTOP-TR0LPB6" failures="0" tests="2" name="testCases.addToCart.AddToCartSystemTest" time="8.402" errors="0" timestamp="2026-04-29T14:58:19 ICT" skipped="0">
  <testcase classname="testCases.addToCart.AddToCartSystemTest" name="TC_ATC_009_AddToCart_CrossBrowserEnvironment" time="4.146"/>
  <testcase classname="testCases.addToCart.AddToCartSystemTest" name="TC_ATC_009_AddToCart_CrossBrowserEnvironment" time="4.256"/>
</testsuite> <!-- testCases.addToCart.AddToCartSystemTest -->
