<?xml version="1.0" encoding="UTF-8"?>
<!-- Generated by org.testng.reporters.JUnitReportReporter -->
<testsuite hostname="DESKTOP-TR0LPB6" failures="0" tests="6" name="testCases.register.RegisterPositiveTest" time="25.930" errors="0" timestamp="2026-04-20T21:01:55 ICT" skipped="0">
  <testcase classname="testCases.register.RegisterPositiveTest" name="TC_RF_001_registerWithMandatoryFields" time="4.270"/>
  <testcase classname="testCases.register.RegisterPositiveTest" name="TC_RF_002_verifyRegistrationConfirmationEmail" time="3.590"/>
  <testcase classname="testCases.register.RegisterPositiveTest" name="TC_RF_012_registerUsingKeyboardKeysOnly" time="5.099"/>
  <testcase classname="testCases.register.RegisterPositiveTest" name="TC_RF_005_registerWithNewsletterSubscriptionYes_TC_RF_006_registerWithNewsletterSubscriptionNo" time="4.238"/>
  <testcase classname="testCases.register.RegisterPositiveTest" name="TC_RF_005_registerWithNewsletterSubscriptionYes_TC_RF_006_registerWithNewsletterSubscriptionNo" time="4.611"/>
  <testcase classname="testCases.register.RegisterPositiveTest" name="TC_RF_003_registerWithAllFields" time="4.122"/>
</testsuite> <!-- testCases.register.RegisterPositiveTest -->
