<?xml version="1.0" encoding="UTF-8"?>
<!-- Generated by org.testng.reporters.JUnitReportReporter -->
<testsuite hostname="DESKTOP-TR0LPB6" failures="1" tests="8" name="testCases.register.RegisterUITest" time="12.979" errors="0" timestamp="2026-04-28T02:50:57 ICT" skipped="0">
  <testcase classname="testCases.register.RegisterUITest" name="TC_RF_019_verifyLeadingAndTrailingSpacesAreTrimmed" time="4.867"/>
  <testcase classname="testCases.register.RegisterUITest" name="TC_RF_007_verifyNavigationToRegisterPageFromDifferentLinks" time="2.013"/>
  <testcase classname="testCases.register.RegisterUITest" name="TC_RF_020_verifyPrivacyPolicyNotSelectedByDefault" time="0.852"/>
  <testcase classname="testCases.register.RegisterUITest" name="TC_RF_025_verifyPageTitleUrlHeadingAndBreadcrumb" time="0.890"/>
  <testcase classname="testCases.register.RegisterUITest" name="TC_RF_022_verifyPasswordCharactersAreMasked" time="0.935"/>
  <testcase classname="testCases.register.RegisterUITest" name="TC_RF_014_verifyMandatoryFieldsHaveRedAsterisk" time="1.609">
    <failure message="The following asserts failed:
	Privacy Policy không có dấu * expected [true] but found [false]" type="java.lang.AssertionError">
      <![CDATA[java.lang.AssertionError: The following asserts failed:
Privacy Policy không có dấu * expected [true] but found [false]
at org.testng.asserts.SoftAssert.assertAll(SoftAssert.java:46)
at org.testng.asserts.SoftAssert.assertAll(SoftAssert.java:30)
at testCases.register.RegisterUITest.TC_RF_014_verifyMandatoryFieldsHaveRedAsterisk(RegisterUITest.java:75)
at java.base/jdk.internal.reflect.DirectMethodHandleAccessor.invoke(DirectMethodHandleAccessor.java:103)
at java.base/java.lang.reflect.Method.invoke(Method.java:580)
at org.testng.internal.invokers.MethodInvocationHelper.invokeMethod(MethodInvocationHelper.java:141)
at org.testng.internal.invokers.TestInvoker.invokeMethod(TestInvoker.java:697)
at org.testng.internal.invokers.TestInvoker.invokeTestMethod(TestInvoker.java:230)
at org.testng.internal.invokers.MethodRunner.runInSequence(MethodRunner.java:63)
at org.testng.internal.invokers.TestInvoker$MethodInvocationAgent.invoke(TestInvoker.java:1005)
at org.testng.internal.invokers.TestInvoker.invokeTestMethods(TestInvoker.java:203)
at org.testng.internal.invokers.TestMethodWorker.invokeTestMethods(TestMethodWorker.java:154)
at org.testng.internal.invokers.TestMethodWorker.run(TestMethodWorker.java:134)
at java.base/java.util.ArrayList.forEach(ArrayList.java:1596)
at org.testng.TestRunner.privateRun(TestRunner.java:744)
at org.testng.TestRunner.run(TestRunner.java:616)
at org.testng.SuiteRunner.runTest(SuiteRunner.java:421)
at org.testng.SuiteRunner.runSequentially(SuiteRunner.java:413)
at org.testng.SuiteRunner.privateRun(SuiteRunner.java:373)
at org.testng.SuiteRunner.run(SuiteRunner.java:312)
at org.testng.SuiteRunnerWorker.runSuite(SuiteRunnerWorker.java:52)
at org.testng.SuiteRunnerWorker.run(SuiteRunnerWorker.java:95)
at org.testng.TestNG.runSuitesSequentially(TestNG.java:1274)
at org.testng.TestNG.runSuitesLocally(TestNG.java:1208)
at org.testng.TestNG.runSuites(TestNG.java:1112)
at org.testng.TestNG.run(TestNG.java:1079)
at org.testng.remote.AbstractRemoteTestNG.run(AbstractRemoteTestNG.java:115)
at org.testng.remote.RemoteTestNG.initAndRun(RemoteTestNG.java:293)
at org.testng.remote.RemoteTestNG.main(RemoteTestNG.java:91)
]]>
    </failure>
  </testcase> <!-- TC_RF_014_verifyMandatoryFieldsHaveRedAsterisk -->
  <testcase classname="testCases.register.RegisterUITest" name="TC_RF_013_verifyFieldPlaceholders" time="0.900"/>
  <testcase classname="testCases.register.RegisterUITest" name="TC_RF_027_verifyRegisterFunctionalityAcrossSupportedEnvironments" time="0.913"/>
</testsuite> <!-- testCases.register.RegisterUITest -->
