<?xml version="1.0" encoding="UTF-8"?>
<!-- Generated by org.testng.reporters.JUnitReportReporter -->
<testsuite hostname="DESKTOP-TR0LPB6" failures="0" tests="7" name="testCases.login.LoginUITest" time="15.582" errors="0" timestamp="2026-04-28T21:44:09 ICT" skipped="0">
  <testcase classname="testCases.login.LoginUITest" name="TC_LF_021_BreadcrumbPageTitleURL" time="0.768"/>
  <testcase classname="testCases.login.LoginUITest" name="TC_LF_019_MapsToDifferentPages" time="1.341"/>
  <testcase classname="testCases.login.LoginUITest" name="TC_LF_008_PlaceholderText" time="2.077"/>
  <testcase classname="testCases.login.LoginUITest" name="TC_LF_006_ForgottenPasswordLink" time="2.156"/>
  <testcase classname="testCases.login.LoginUITest" name="TC_LF_020_DifferentWaysOfNavigatingToLogin" time="3.158"/>
  <testcase classname="testCases.login.LoginUITest" name="TC_LF_010_BrowsingBackAfterLogout" time="3.310"/>
  <testcase classname="testCases.login.LoginUITest" name="TC_LF_009_BrowsingBackAfterLogin" time="2.772"/>
</testsuite> <!-- testCases.login.LoginUITest -->
