<?xml version="1.0" encoding="UTF-8"?>
<!-- Generated by org.testng.reporters.JUnitReportReporter -->
<testsuite hostname="DESKTOP-TR0LPB6" failures="0" tests="2" name="testCases.checkout.CheckoutNegativeTest" time="5.315" errors="0" timestamp="2026-04-22T00:20:45 ICT" skipped="0">
  <testcase classname="testCases.checkout.CheckoutNegativeTest" name="TC_CO_009_Checkout_BillingMandatoryValidation" time="4.117"/>
  <testcase classname="testCases.checkout.CheckoutNegativeTest" name="TC_CO_001_Checkout_EmptyCartRestriction" time="1.198"/>
</testsuite> <!-- testCases.checkout.CheckoutNegativeTest -->
