<?xml version="1.0" encoding="UTF-8"?>
<!-- Generated by org.testng.reporters.JUnitReportReporter -->
<testsuite hostname="DESKTOP-TR0LPB6" failures="0" tests="4" name="testCases.login.LoginSecurityTest" time="5.504" errors="0" timestamp="2026-04-28T17:36:01 ICT" skipped="0">
  <testcase classname="testCases.login.LoginSecurityTest" name="TC_LF_014_CopyingPasswordText" time="0.988"/>
  <testcase classname="testCases.login.LoginSecurityTest" name="TC_LF_018_LoginSessionTimeout" time="1.642"/>
  <testcase classname="testCases.login.LoginSecurityTest" name="TC_LF_015_PasswordNotVisibleInPageSource" time="2.026"/>
  <testcase classname="testCases.login.LoginSecurityTest" name="TC_LF_013_PasswordVisibilityToggled" time="0.848"/>
</testsuite> <!-- testCases.login.LoginSecurityTest -->
