<?xml version="1.0" encoding="UTF-8"?>
<!-- Generated by org.testng.reporters.JUnitReportReporter -->
<testsuite hostname="DESKTOP-TR0LPB6" failures="2" tests="16" name="testCases.register.RegisterValidationTest" time="76.663" errors="0" timestamp="2026-04-20T21:26:40 ICT" skipped="0">
  <testcase classname="testCases.register.RegisterValidationTest" name="TC_RF_011_verifyWarningForInvalidPhoneNumber" time="3.906"/>
  <testcase classname="testCases.register.RegisterValidationTest" name="TC_RF_004_verifyWarningForEmptyMandatoryFields" time="2.215"/>
  <testcase classname="testCases.register.RegisterValidationTest" name="TC_RF_010_EmailValidation" time="3.233"/>
  <testcase classname="testCases.register.RegisterValidationTest" name="TC_RF_011_verifyWarningForInvalidPhoneNumber" time="15.754">
    <failure message="The following asserts failed:
	[BUG][Phone][Số điện thoại chứa kí tự đặc biệt] Website không validate định dạng số điện thoại (Dữ liệu nhập: @#$%^&amp;*) expected [true] but found [false]" type="java.lang.AssertionError">
      <![CDATA[java.lang.AssertionError: The following asserts failed:
[BUG][Phone][Số điện thoại chứa kí tự đặc biệt] Website không validate định dạng số điện thoại (Dữ liệu nhập: @#$%^&*) expected [true] but found [false]
at org.testng.asserts.SoftAssert.assertAll(SoftAssert.java:46)
at org.testng.asserts.SoftAssert.assertAll(SoftAssert.java:30)
at testCases.register.RegisterValidationTest.TC_RF_011_verifyWarningForInvalidPhoneNumber(RegisterValidationTest.java:116)
at java.base/jdk.internal.reflect.DirectMethodHandleAccessor.invoke(DirectMethodHandleAccessor.java:103)
at java.base/java.lang.reflect.Method.invoke(Method.java:580)
at org.testng.internal.invokers.MethodInvocationHelper.invokeMethod(MethodInvocationHelper.java:141)
at org.testng.internal.invokers.TestInvoker.invokeMethod(TestInvoker.java:697)
at org.testng.internal.invokers.TestInvoker.invokeTestMethod(TestInvoker.java:230)
at org.testng.internal.invokers.MethodRunner.runInSequence(MethodRunner.java:63)
at org.testng.internal.invokers.TestInvoker$MethodInvocationAgent.invoke(TestInvoker.java:1005)
at org.testng.internal.invokers.TestInvoker.invokeTestMethods(TestInvoker.java:203)
at org.testng.internal.invokers.TestMethodWorker.invokeTestMethods(TestMethodWorker.java:154)
at org.testng.internal.invokers.TestMethodWorker.run(TestMethodWorker.java:134)
at java.base/java.util.ArrayList.forEach(ArrayList.java:1596)
at org.testng.TestRunner.privateRun(TestRunner.java:744)
at org.testng.TestRunner.run(TestRunner.java:616)
at org.testng.SuiteRunner.runTest(SuiteRunner.java:421)
at org.testng.SuiteRunner.runSequentially(SuiteRunner.java:413)
at org.testng.SuiteRunner.privateRun(SuiteRunner.java:373)
at org.testng.SuiteRunner.run(SuiteRunner.java:312)
at org.testng.SuiteRunnerWorker.runSuite(SuiteRunnerWorker.java:52)
at org.testng.SuiteRunnerWorker.run(SuiteRunnerWorker.java:95)
at org.testng.TestNG.runSuitesSequentially(TestNG.java:1274)
at org.testng.TestNG.runSuitesLocally(TestNG.java:1208)
at org.testng.TestNG.runSuites(TestNG.java:1112)
at org.testng.TestNG.run(TestNG.java:1079)
at org.testng.remote.AbstractRemoteTestNG.run(AbstractRemoteTestNG.java:115)
at org.testng.remote.RemoteTestNG.initAndRun(RemoteTestNG.java:293)
at org.testng.remote.RemoteTestNG.main(RemoteTestNG.java:91)
]]>
    </failure>
  </testcase> <!-- TC_RF_011_verifyWarningForInvalidPhoneNumber -->
  <testcase classname="testCases.register.RegisterValidationTest" name="TC_RF_010_EmailValidation" time="3.134"/>
  <testcase classname="testCases.register.RegisterValidationTest" name="TC_RF_010_EmailValidation" time="3.143"/>
  <testcase classname="testCases.register.RegisterValidationTest" name="TC_RF_009_RegisterWithExistingEmail" time="3.181"/>
  <testcase classname="testCases.register.RegisterValidationTest" name="TC_RF_011_verifyWarningForInvalidPhoneNumber" time="3.528"/>
  <testcase classname="testCases.register.RegisterValidationTest" name="TC_RF_011_verifyWarningForInvalidPhoneNumber" time="15.850">
    <failure message="The following asserts failed:
	[BUG][Phone][Số điện thoại chứa chữ cái] Website không validate định dạng số điện thoại (Dữ liệu nhập: 0987abc123) expected [true] but found [false]" type="java.lang.AssertionError">
      <![CDATA[java.lang.AssertionError: The following asserts failed:
[BUG][Phone][Số điện thoại chứa chữ cái] Website không validate định dạng số điện thoại (Dữ liệu nhập: 0987abc123) expected [true] but found [false]
at org.testng.asserts.SoftAssert.assertAll(SoftAssert.java:46)
at org.testng.asserts.SoftAssert.assertAll(SoftAssert.java:30)
at testCases.register.RegisterValidationTest.TC_RF_011_verifyWarningForInvalidPhoneNumber(RegisterValidationTest.java:116)
at java.base/jdk.internal.reflect.DirectMethodHandleAccessor.invoke(DirectMethodHandleAccessor.java:103)
at java.base/java.lang.reflect.Method.invoke(Method.java:580)
at org.testng.internal.invokers.MethodInvocationHelper.invokeMethod(MethodInvocationHelper.java:141)
at org.testng.internal.invokers.TestInvoker.invokeMethod(TestInvoker.java:697)
at org.testng.internal.invokers.TestInvoker.invokeTestMethod(TestInvoker.java:230)
at org.testng.internal.invokers.MethodRunner.runInSequence(MethodRunner.java:63)
at org.testng.internal.invokers.TestInvoker$MethodInvocationAgent.invoke(TestInvoker.java:1005)
at org.testng.internal.invokers.TestInvoker.invokeTestMethods(TestInvoker.java:203)
at org.testng.internal.invokers.TestMethodWorker.invokeTestMethods(TestMethodWorker.java:154)
at org.testng.internal.invokers.TestMethodWorker.run(TestMethodWorker.java:134)
at java.base/java.util.ArrayList.forEach(ArrayList.java:1596)
at org.testng.TestRunner.privateRun(TestRunner.java:744)
at org.testng.TestRunner.run(TestRunner.java:616)
at org.testng.SuiteRunner.runTest(SuiteRunner.java:421)
at org.testng.SuiteRunner.runSequentially(SuiteRunner.java:413)
at org.testng.SuiteRunner.privateRun(SuiteRunner.java:373)
at org.testng.SuiteRunner.run(SuiteRunner.java:312)
at org.testng.SuiteRunnerWorker.runSuite(SuiteRunnerWorker.java:52)
at org.testng.SuiteRunnerWorker.run(SuiteRunnerWorker.java:95)
at org.testng.TestNG.runSuitesSequentially(TestNG.java:1274)
at org.testng.TestNG.runSuitesLocally(TestNG.java:1208)
at org.testng.TestNG.runSuites(TestNG.java:1112)
at org.testng.TestNG.run(TestNG.java:1079)
at org.testng.remote.AbstractRemoteTestNG.run(AbstractRemoteTestNG.java:115)
at org.testng.remote.RemoteTestNG.initAndRun(RemoteTestNG.java:293)
at org.testng.remote.RemoteTestNG.main(RemoteTestNG.java:91)
]]>
    </failure>
  </testcase> <!-- TC_RF_011_verifyWarningForInvalidPhoneNumber -->
  <testcase classname="testCases.register.RegisterValidationTest" name="TC_RF_008_verifyWarningForPasswordMismatch" time="3.736"/>
  <testcase classname="testCases.register.RegisterValidationTest" name="TC_RF_011_verifyWarningForInvalidPhoneNumber" time="3.214"/>
  <testcase classname="testCases.register.RegisterValidationTest" name="TC_RF_010_EmailValidation" time="3.088"/>
  <testcase classname="testCases.register.RegisterValidationTest" name="TC_RF_024_verifyWarningForEmptyPasswordConfirm" time="3.198"/>
  <testcase classname="testCases.register.RegisterValidationTest" name="TC_RF_010_EmailValidation" time="3.204"/>
  <testcase classname="testCases.register.RegisterValidationTest" name="TC_RF_010_EmailValidation" time="3.144"/>
  <testcase classname="testCases.register.RegisterValidationTest" name="TC_RF_021_verifyWarningWhenPrivacyPolicyNotAccepted" time="3.135"/>
</testsuite> <!-- testCases.register.RegisterValidationTest -->
