<?xml version="1.0" encoding="UTF-8"?>
<!-- Generated by org.testng.reporters.JUnitReportReporter -->
<testsuite hostname="DESKTOP-TR0LPB6" failures="0" tests="2" name="testCases.register.RegisterUITest" time="4.762" errors="0" timestamp="2026-04-29T14:58:19 ICT" skipped="0">
  <testcase classname="testCases.register.RegisterUITest" name="TC_RF_027_verifyRegisterFunctionalityAcrossSupportedEnvironments" time="2.391"/>
  <testcase classname="testCases.register.RegisterUITest" name="TC_RF_027_verifyRegisterFunctionalityAcrossSupportedEnvironments" time="2.371"/>
</testsuite> <!-- testCases.register.RegisterUITest -->
