<?xml version="1.0" encoding="UTF-8"?>
<!-- Generated by org.testng.reporters.JUnitReportReporter -->
<testsuite hostname="DESKTOP-TR0LPB6" failures="0" tests="2" name="testCases.login.LoginSystemTest" time="4.897" errors="0" timestamp="2026-04-29T14:58:19 ICT" skipped="0">
  <testcase classname="testCases.login.LoginSystemTest" name="TC_LF_023_SupportedEnvironments" time="2.360"/>
  <testcase classname="testCases.login.LoginSystemTest" name="TC_LF_023_SupportedEnvironments" time="2.537"/>
</testsuite> <!-- testCases.login.LoginSystemTest -->
