<?xml version="1.0" encoding="UTF-8"?>
<!-- Generated by org.testng.reporters.JUnitReportReporter -->
<testsuite hostname="DESKTOP-TR0LPB6" failures="0" tests="5" name="testCases.login.LoginNegativeTest" time="15.459" errors="0" timestamp="2026-04-20T21:29:04 ICT" skipped="0">
  <testcase classname="testCases.login.LoginNegativeTest" name="TC_LF_InvalidLoginDataDriven" time="2.204"/>
  <testcase classname="testCases.login.LoginNegativeTest" name="TC_LF_InvalidLoginDataDriven" time="2.360"/>
  <testcase classname="testCases.login.LoginNegativeTest" name="TC_LF_InvalidLoginDataDriven" time="2.869"/>
  <testcase classname="testCases.login.LoginNegativeTest" name="TC_LF_InvalidLoginDataDriven" time="2.834"/>
  <testcase classname="testCases.login.LoginNegativeTest" name="TC_LF_012_UnsuccessfulLoginAttempts" time="5.192"/>
</testsuite> <!-- testCases.login.LoginNegativeTest -->
