<?xml version="1.0" encoding="UTF-8"?>
<!-- Generated by org.testng.reporters.JUnitReportReporter -->
<testsuite hostname="DESKTOP-TR0LPB6" failures="0" tests="3" name="testCases.login.LoginPositiveTest" time="16.914" errors="0" timestamp="2026-04-20T21:27:24 ICT" skipped="0">
  <testcase classname="testCases.login.LoginPositiveTest" name="TC_LF_016_LoginAfterChangingPassword" time="8.429"/>
  <testcase classname="testCases.login.LoginPositiveTest" name="TC_LF_007_LoginUsingKeyboardKeys" time="4.428"/>
  <testcase classname="testCases.login.LoginPositiveTest" name="TC_LF_001_LoginWithValidCredentials" time="4.057"/>
</testsuite> <!-- testCases.login.LoginPositiveTest -->
